######################
#         ##         #
#         ##         #
#                    #
#                    #
#                    #
#                    #
#         f          #
#                    #
#                    #
#                    #
#                    #
#                    #
#                    #
#                    #
#                    #
#         B     F    #
#                    #
#                    #
#         2          #
#                    #
######################
