######################
#         ##         #
#         ##         #
#                    #
#                    #
#                    #
#                    #
#                    #
#         d          #
#                    #
#                    #
#                    #
#                    #
#                    #
#                    #
#                    #
#     E       A      #
#        D           #
#        C           #
#               1    #
#                    #
######################
