######################
#         ##         #
#         ##         #
#                    #
#                    #
#                    #
#  H                 #
#                    #
#                    #
#                    #
#                    #
#                    #
#                    #
#                    #
#                    #
#                    #
#                    #
#                    #
#                    #
#               2   e#
#                    #
######################
