######################
#         ##   B     #
#         ##   CA    #
#               E    #
#                    #
#                    #
#                    #
#                    #
#                    #
#                    #
#                    #
#                    #
#                    #
#                    #
#                    #
#                    #
#                    #
#                    #
#                    #
#          3         #
#                    #
######################
