######################
#         ##      d  #
#         ##         #
#                    #
#                    #
#                    #
#             G      #
#                    #
#            D       #
#                    #
#                    #
#                    #
#                    #
#                    #
#                    #
#                    #
#                    #
#                    #
#                    #
#      4             #
#                    #
######################
