######################
#                    #
#                    #
#                    #
#                    #
# b                  #
#                    #
#                    #
#                    #
# b      b           #
#b                   #
#                    #
#       b     b      #
#         b          #
#                    #
#                    #
#   b                #
#   bb               #
#                    #
# 3                  #
#        B           #
######################
