######################
#         ##         #
#         ##         #
#                    #
#                    #
#                    #
#                    #
#                    #
#                    #
#                    #
#  f                 #
#                    #
#                    #
#                    #
#                    #
#                    #
#  E       B         #
#               CF   #
#                    #
#  2                 #
#                    #
######################
