######################
#         ##         #
#         ##         #
#                    #
#                    #
#                    #
#                    #
#                    #
#                    #
#                    #
#                    #
#                    #
#                    #
#                    #
#                    #
#    a               #
#    A         D     #
#                    #
#                    #
#      1             #
#                    #
######################
