######################
#         ##         #
#         ##         #
#                    #
#                    #
#                    #
#                    #
#                 d  #
#                    #
#                    #
#                    #
#                    #
#                    #
#                    #
#                    #
#                    #
#                    #
#                    #
#                    #
#        B  2  D     #
#                    #
######################
