######################
#         ##         #
#         ##         #
#                    #
#                    #
#                    #
#                    #
#               c    #
#                    #
#                    #
#                    #
#                    #
#                    #
#                    #
#                    #
#                    #
#                    #
#                    #
#                    #
#         C    1F AE #
#                    #
######################
