######################
#         ##         #
#       a ##         #
#                 a  #
#                    #
#                    #
#                    #
#                aa  #
#         a          #
#                 a  #
#                    #
#                    #
#    a               #
#                    #
#                    #
#                    #
#                    #
#           a   a    #
#                    #
#     a  2      A    #
#                    #
######################
