######################
#       d ##         #
#         ##         #
#   d                #
#                    #
#                 d  #
#                    #
#                    #
#          d         #
#              d     #
#               d    #
#                    #
#                    #
#                    #
#d                   #
#  d     d           #
#                    #
#                    #
#                    #
#   4D               #
#        d           #
######################
