######################
#         ##         #
#         ##         #
#                    #
#                    #
#                    #
#      b             #
#                    #
#          b         #
#               b   b#
#         b          #
#  b                 #
#                    #
#                    #
#                    #
#                    #
#                 b  #
#                    #
#                    #
#  b      1    b  B  #
#    b               #
######################
