######################
# c       ##        c#
#         ##        c#
#                    #
#    c               #
#                    #
#    c               #
#               c   c#
#                    #
#                    #
#                    #
#                    #
#                    #
#                    #
#                    #
#                    #
#                    #
#               C    #
#                    #
#                2   #
#                    #
######################
