######################
#         ##         #
#         ##      d d#
#              d     #
#                    #
#                    #
#                    #
#                    #
#                    #
#                    #
#                    #
#                    #
#                    #
#               D    #
#                    #
#                    #
#                    #
#                 d  #
#                   d#
#                  4 #
#                    #
######################
