######################
#         ##         #
#         ##         #
#                   b#
#       b       b    #
#       B            #
#                    #
#          b         #
#                    #
#                    #
#                 b  #
#                    #
#                    #
#                    #
#               b    #
#                    #
#  b                 #
#                    #
#                    #
#      1             #
#                    #
######################
