######################
#         ##         #
#         ##         #
#                    #
#                    #
#                    #
#                    #
#                    #
#                    #
#                    #
#                    #
#                    #
#                    #
#                    #
#                    #
#                    #
#                    #
#                    #
#                    #
#   3         D E    #
#              F     #
######################
