######################
#         ##         #
#         ##         #
#                    #
#                    #
#       a            #
#                    #
#                    #
#                    #
#                    #
#                    #
#       B            #
#          FE        #
#       A            #
#           C        #
#                    #
#                    #
#                    #
#  D                 #
#               2    #
#                    #
######################
