######################
#      a             #
#       a            #
#                    #
#a                   #
#                 a  #
#                    #
#    a               #
#                    #
#                    #
#          a   a     #
#              a     #
#                    #
#                    #
#                  a #
#                    #
#                    #
#                 A  #
#           a        #
#             2      #
#                    #
######################
