######################
#         ##         #
#         ##         #
#                    #
#                    #
#                    #
#                    #
#                    #
#      d             #
#    d               #
# d                  #
#                    #
#                    #
#                    #
#                    #
#    d               #
#           d        #
#            d       #
#          d         #
#  D     d   2  d    #
#d                   #
######################
