######################
#         ##         #
#         ##         #
#                    #
#  c         c       #
#         cc         #
#                 c  #
#                    #
#                    #
#                    #
#                    #
#c                   #
#       c            #
#                    #
#                    #
#                    #
#                    #
#c                   #
#           c        #
#     3           C  #
#             c      #
######################
