######################
#         ##         #
#         ##      b  #
#                    #
#                    #
#                    #
#                    #
#                bb  #
#                    #
#                    #
#                    #
#                    #
#             b    b #
#          b         #
#                    #
#       b     b      #
#                    #
#   b                #
#                    #
#       B4           #
#     b              #
######################
