######################
#         ## d       #
#        d##         #
# d                  #
#                    #
#                    #
#                    #
#                    #
#                 d  #
#                    #
#                    #
#                    #
#                    #
#                    #
#        dd          #
# d                  #
#                    #
#         d          #
#                   d#
#      2     D d     #
#                    #
######################
