######################
#         ##         #
#         ##         #
#            b       #
#                    #
#    b               #
#    b               #
#   bb    b          #
#                    #
#                    #
#      b             #
#                    #
#                    #
#                    #
#                    #
#                    #
#             b      #
#    bb              #
#                    #
#   3  B             #
#                    #
######################
