######################
#         ##         #
#         ##         #
#                    #
#                    #
#    a               #
#                    #
#                    #
#                    #
#                 a  #
#            a       #
#                    #
#                  a #
#                    #
#           a        #
#         a          #
#       a            #
#           a    a   #
#                    #
#     4   A          #
#                  a #
######################
