######################
#         ##         #
#         ##         #
#                c   #
#          c         #
#          c         #
#                    #
#                    #
#                    #
#     c              #
#                    #
#                    #
#                    #
#       c c          #
#                    #
#                    #
#c                   #
#        c           #
#                    #
#     c    C  1      #
#       c            #
######################
