######################
#     a   ##         #
#  a      ##         #
#                    #
#                    #
#           a        #
#                    #
#                    #
#                    #
#                    #
#    a               #
#              aa    #
#                    #
#                    #
#      a             #
#                    #
#                    #
#                    #
#                    #
#     2 aa     Aa    #
#                    #
######################
