######################
#         ##         #
#         ##         #
#                   d#
#                    #
#                   d#
#                    #
#          d         #
#                    #
#     d              #
#                    #
#                    #
#d              d  d #
#                    #
#                    #
#                    #
#                    #
#d              d    #
#                    #
#  D            d3   #
#                    #
######################
