######################
#    b    ##         #
#         ##  b      #
#                 b  #
#      b             #
#                    #
#                 b  #
#                    #
#           b        #
#                    #
#             b      #
#                    #
#                    #
#                 b  #
#                    #
#                    #
#                  b #
#                    #
#                    #
#     b      4     B #
#                    #
######################
