######################
#         ##         #
#         ##         #
#                    #
#                    #
#                    #
# c                  #
#                    #
#                    #
#  c                 #
#      c             #
#              ccc   #
#                    #
#                   c#
#                    #
#                    #
#                    #
#                    #
#             cc     #
#        C1          #
#  c                 #
######################
