######################
#         ##         #
#         ##         #
#e                   #
#                    #
#                    #
#            h       #
#                    #
#                    #
#                    #
#                    #
#                    #
#g                   #
#                    #
#                    #
#            G H     #
#                    #
#                    #
#                    #
#                2   #
#                    #
######################
