######################
#         ##         #
#         ##         #
#                    #
#                    #
#              f     #
#                    #
#                    #
#                    #
#                    #
#                    #
#                    #
#               c    #
#            C       #
#            E       #
#                    #
#            F       #
#                    #
#                    #
# 3                  #
#                    #
######################
