######################
#         ##         #
#         ##         #
#                    #
#          d   d     #
#                    #
#                    #
#                    #
#                    #
#                    #
#                    #
#                    #
#                    #
#                    #
#                    #
#                    #
#                    #
#           D   d    #
#                    #
#       4            #
#                    #
######################
