######################
#         ##      b  #
#         ##         #
#                    #
#                    #
#   a          a     #
#                    #
#                    #
#               b    #
#                    #
#               B    #
#               A    #
#                    #
#                    #
#                    #
#                    #
#                    #
#                    #
#                    #
#         1          #
#                    #
######################
