######################
#         ##         #
#         ##         #
#                    #
#                    #
#    b     b b       #
#                    #
#                    #
#            b       #
#                    #
#   b  b        b    #
#       b            #
#                    #
#                    #
#                    #
#                  b #
#   b                #
#                    #
#                    #
#       3       B    #
#                    #
######################
