######################
#         ##         #
#         ##         #
#                    #
#                    #
#                    #
#          d         #
#                    #
#     d              #
#          d         #
#              d     #
#                    #
#                    #
#    d  d            #
#                    #
#                    #
#                    #
#                 d  #
#d           d       #
#      4        D    #
#                 d  #
######################
