######################
#         ##        c#
#  c     c##         #
#                    #
#                    #
#c        c          #
#                    #
#                    #
#                 c  #
#                    #
#                    #
#                    #
#  c c               #
#                    #
#                    #
#                   c#
#                    #
#                    #
#        c           #
#        1   C       #
#                    #
######################
