######################
#        b##         #
#         ##         #
#                  b #
#                    #
#         b          #
#                    #
#                 b  #
#      b             #
#          b         #
#                    #
#                    #
#             b      #
#                    #
#                    #
#           B    b   #
#                    #
#                    #
#                    #
#               2    #
#                    #
######################
