######################
#         ##         #
#         ##         #
#                    #
#  d  d              #
#          d         #
#               d    #
#                    #
#        d           #
#     d              #
#                    #
#                    #
#                    #
#                    #
#                    #
# d                  #
#                    #
#                    #
#                    #
#  1            D    #
#                d   #
######################
