######################
#         ##         #
#         ##         #
#                    #
#                    #
#                  c #
#                 c  #
#           c   c    #
#              c     #
#            c       #
#                    #
#    C  c            #
#                    #
#                    #
#                    #
#                    #
#                    #
#                    #
#                 c  #
#         2          #
#                    #
######################
