######################
#         ##         #
# a       ##         #
#                    #
#   a                #
#                    #
#                a   #
#       a            #
#   a                #
#                    #
#                    #
#                    #
#                   a#
#                    #
#   a             Aa #
#                    #
#                    #
#                    #
#                    #
#        a3          #
#                    #
######################
