######################
#         ##         #
#         ##         #
#                    #
#                    #
#  d                 #
#                    #
#   d                #
#                    #
#                   d#
#                    #
#                    #
#                    #
#                    #
#           D        #
#                   d#
#                    #
#               dd   #
#                    #
#      1             #
#    d               #
######################
