######################
#         ##         #
#         ##         #
#                    #
#                    #
#                    #
#                    #
#           d        #
#                    #
#                    #
#                    #
#                    #
#                    #
#           D        #
#           A        #
#                    #
#           FC       #
#                    #
#                    #
#            2       #
#                    #
######################
