######################
#         ##         #
#         ##         #
#                    #
#                    #
#                    #
#                    #
#                    #
#                    #
#                    #
#                    #
#                    #
#                    #
#                    #
#                    #
#  c                 #
#                    #
#                    #
#                    #
#      C2    E B     #
#                    #
######################
