######################
#         ##         #
#         ##         #
#                    #
#                    #
#                    #
#      c             #
#                    #
#                    #
#                    #
#                    #
#                    #
#                    #
#                    #
#                    #
#      C  B    D     #
#           E        #
#                    #
#          F         #
#            2       #
#                    #
######################
