######################
#                    #
#      a     a       #
#                    #
#                    #
#                    #
#a                   #
#                    #
#                    #
# a                  #
#          a         #
#                    #
#                    #
#  a           A     #
#             a      #
#          a         #
#                    #
#                    #
#                    #
#              a   2 #
#   a                #
######################
