######################
#                    #
#                c   #
#  c                 #
#   c             c  #
#                c   #
#                    #
#         c          #
#                    #
#                    #
#                    #
#                    #
#                    #
#         c          #
#      c             #
#                    #
#                    #
#        c           #
# c                  #
#           3     C  #
#                    #
######################
