######################
#         ##         #
#         ##         #
#                    #
#                    #
#                    #
#                    #
#                    #
#                    #
#         C          #
#         DE         #
#         H          #
#                    #
#                    #
#                    #
#                    #
#                    #
#             B      #
#                    #
#       3            #
#                    #
######################
