######################
#       AG##   g     #
#         ##         #
#                    #
#                    #
#                    #
#                    #
#                    #
#                    #
#              g     #
#                    #
#                    #
#                    #
#                    #
#                    #
#                    #
#                    #
#                g   #
#                    #
#                1   #
#                    #
######################
