######################
#         ##         #
#         ##         #
#                    #
#                    #
#                    #
#                    #
#                    #
#e                   #
#                    #
#                    #
#                    #
#                    #
#                    #
#                    #
#       D            #
#      BE            #
#        F           #
#                    #
# 1                  #
#                    #
######################
