######################
#         ##         #
#         ##         #
#                    #
#                    #
#                    #
#                    #
#                    #
#                    #
#                    #
#                    #
#                    #
#                    #
#                    #
#                    #
#                    #
#                    #
#   b                #
#                    #
#   B      D     2   #
#                    #
######################
