######################
#         ##         #
#         ##         #
#f                   #
#                    #
#                    #
#                    #
#                    #
#                    #
#                    #
#                    #
#                    #
#                    #
#                    #
#                    #
#                    #
#                    #
#                    #
#    FE  C A         #
# 1                  #
#                    #
######################
