######################
#         ##         #
#         ##         #
#                    #
#                    #
#                    #
#                    #
#                    #
#                    #
#                    #
#                    #
#           a        #
#                    #
#                    #
#                    #
#           F        #
#         A          #
#                    #
#                    #
#         2          #
#                    #
######################
