######################
#         ##e        #
#         ##         #
#                    #
#                    #
#                    #
#                    #
#                    #
#                    #
#                    #
#                    #
#                    #
#                    #
#                    #
#                    #
#      E      DB     #
#      C             #
#                    #
#                    #
#         1          #
#                    #
######################
