######################
#                    #
#                    #
#                    #
#                    #
#                    #
#                    #
#                    #
#                    #
#                    #
#                    #
#                    #
#                    #
#                    #
#                    #
#                    #
#                    #
#                    #
#                    #
#                    #
#             C      #
######################
{
  "game_dir": "games/2020-10-24T00:57:23.688179",
  "username": "andy",
  "battleground_path": "games/2020-10-24T00:57:23.688179/andy/template_battleground.txt",
  "battleground_url": "https://people.cs.uct.ac.za/~KNXBOY001/genghis_client/template_battleground.txt",
  "name": "my battleground",
  "spawn_locations": [
    [
      15,
      19
    ],
    [
      4,
      19
    ],
    [
      14,
      19
    ],
    [
      17,
      19
    ],
    [
      9,
      19
    ],
    [
      12,
      19
    ],
    [
      10,
      19
    ],
    [
      3,
      19
    ],
    [
      19,
      19
    ],
    [
      7,
      19
    ],
    [
      5,
      19
    ],
    [
      13,
      19
    ],
    [
      18,
      19
    ],
    [
      8,
      19
    ],
    [
      11,
      19
    ],
    [
      16,
      19
    ],
    [
      6,
      19
    ],
    [
      2,
      19
    ]
  ],
  "port_locations": [
    [
      6,
      2
    ],
    [
      3,
      2
    ],
    [
      4,
      2
    ],
    [
      15,
      2
    ],
    [
      14,
      2
    ],
    [
      2,
      2
    ],
    [
      18,
      2
    ],
    [
      17,
      2
    ],
    [
      5,
      2
    ],
    [
      7,
      2
    ],
    [
      12,
      2
    ],
    [
      10,
      2
    ],
    [
      9,
      2
    ],
    [
      13,
      2
    ],
    [
      11,
      2
    ],
    [
      19,
      2
    ],
    [
      8,
      2
    ],
    [
      16,
      2
    ]
  ],
  "port_icon": "1",
  "bot_icons": [
    "B"
  ]
}