######################
#         ##         #
#         ##         #
#                    #
#                    #
#                    #
#                    #
#         c     c    #
#                    #
#       c            #
#                    #
# c                  #
#                    #
#                    #
#                    #
#     c    c         #
#           c        #
# c                  #
#                    #
#       c      2 cC  #
#                    #
######################
