######################
#         ##         #
#         ##         #
#                    #
#     b       b      #
#  b                 #
#        b           #
#                  b #
#                    #
#                    #
#                    #
#                    #
#                    #
#                    #
#                b   #
#                    #
#                    #
#   b                #
#                    #
#    B  b      4     #
# b              b   #
######################
