######################
#         ##         #
#         ##d        #
#                    #
#                    #
#                    #
#                    #
#          d         #
# d                  #
#    d               #
#                    #
#                    #
#                   d#
#                  d #
#                    #
#d                   #
#           d    d   #
#                    #
#                    #
#       d    D     1 #
#                    #
######################
