######################
#         ##      a  #
#         ##         #
#          a         #
#                    #
#                    #
#                    #
#  a                 #
#             a      #
#                    #
#        a           #
#     a              #
#                    #
#                a   #
#      a   a         #
#                    #
#                    #
#                    #
#     a              #
#  A     2           #
#                    #
######################
