######################
#         ##         #
#         ##    b b  #
#                    #
#                    #
#                 b  #
#                 b  #
#                 b  #
#                    #
#                    #
#                    #
#                    #
#                    #
#                    #
#                   b#
#                    #
#                    #
# b      b           #
#                    #
# B           b    3 #
#              b     #
######################
