######################
#         ##         #
#         ##         #
#                    #
#                    #
#c c                 #
#                  c #
#         c   c      #
#                    #
#      c             #
#                    #
#                    #
#                    #
#                    #
#                    #
#                    #
#                    #
#  c                 #
#                   c#
#      C          c4 #
#        c           #
######################
